This is pdfTeX, Version 3.141592653-2.6-1.40.25 (MiKTeX 23.4) (preloaded format=pdflatex 2023.7.28)  27 AUG 2023 16:01
entering extended mode
 restricted \write18 enabled.
 file:line:error style messages enabled.
 %&-line parsing enabled.
**"c:/Lucija/fmf/MM - projektna naloga/projektna_naloga.tex"
(c:/Lucija/fmf/MM - projektna naloga/projektna_naloga.tex
LaTeX2e <2022-11-01> patch level 1
L3 programming layer <2023-03-30> (C:\Users\lf1362\AppData\Local\Programs\MiKTeX\tex/latex/base\article.cls
Document Class: article 2022/07/02 v1.4n Standard LaTeX document class
(C:\Users\lf1362\AppData\Local\Programs\MiKTeX\tex/latex/base\size10.clo
File: size10.clo 2022/07/02 v1.4n Standard LaTeX file (size option)
)
\c@part=\count185
\c@section=\count186
\c@subsection=\count187
\c@subsubsection=\count188
\c@paragraph=\count189
\c@subparagraph=\count190
\c@figure=\count191
\c@table=\count192
\abovecaptionskip=\skip48
\belowcaptionskip=\skip49
\bibindent=\dimen140
) (C:\Users\lf1362\AppData\Local\Programs\MiKTeX\tex/latex/amsmath\amsmath.sty
Package: amsmath 2022/04/08 v2.17n AMS math features
\@mathmargin=\skip50

For additional information on amsmath, use the `?' option.
(C:\Users\lf1362\AppData\Local\Programs\MiKTeX\tex/latex/amsmath\amstext.sty
Package: amstext 2021/08/26 v2.01 AMS text
 (C:\Users\lf1362\AppData\Local\Programs\MiKTeX\tex/latex/amsmath\amsgen.sty
File: amsgen.sty 1999/11/30 v2.0 generic functions
\@emptytoks=\toks16
\ex@=\dimen141
)) (C:\Users\lf1362\AppData\Local\Programs\MiKTeX\tex/latex/amsmath\amsbsy.sty
Package: amsbsy 1999/11/29 v1.2d Bold Symbols
\pmbraise@=\dimen142
) (C:\Users\lf1362\AppData\Local\Programs\MiKTeX\tex/latex/amsmath\amsopn.sty
Package: amsopn 2022/04/08 v2.04 operator names
)
\inf@bad=\count193
LaTeX Info: Redefining \frac on input line 234.
\uproot@=\count194
\leftroot@=\count195
LaTeX Info: Redefining \overline on input line 399.
LaTeX Info: Redefining \colon on input line 410.
\classnum@=\count196
\DOTSCASE@=\count197
LaTeX Info: Redefining \ldots on input line 496.
LaTeX Info: Redefining \dots on input line 499.
LaTeX Info: Redefining \cdots on input line 620.
\Mathstrutbox@=\box51
\strutbox@=\box52
LaTeX Info: Redefining \big on input line 722.
LaTeX Info: Redefining \Big on input line 723.
LaTeX Info: Redefining \bigg on input line 724.
LaTeX Info: Redefining \Bigg on input line 725.
\big@size=\dimen143
LaTeX Font Info:    Redeclaring font encoding OML on input line 743.
LaTeX Font Info:    Redeclaring font encoding OMS on input line 744.
\macc@depth=\count198
LaTeX Info: Redefining \bmod on input line 905.
LaTeX Info: Redefining \pmod on input line 910.
LaTeX Info: Redefining \smash on input line 940.
LaTeX Info: Redefining \relbar on input line 970.
LaTeX Info: Redefining \Relbar on input line 971.
\c@MaxMatrixCols=\count199
\dotsspace@=\muskip16
\c@parentequation=\count266
\dspbrk@lvl=\count267
\tag@help=\toks17
\row@=\count268
\column@=\count269
\maxfields@=\count270
\andhelp@=\toks18
\eqnshift@=\dimen144
\alignsep@=\dimen145
\tagshift@=\dimen146
\tagwidth@=\dimen147
\totwidth@=\dimen148
\lineht@=\dimen149
\@envbody=\toks19
\multlinegap=\skip51
\multlinetaggap=\skip52
\mathdisplay@stack=\toks20
LaTeX Info: Redefining \[ on input line 2953.
LaTeX Info: Redefining \] on input line 2954.
) (C:\Users\lf1362\AppData\Local\Programs\MiKTeX\tex/latex/amsfonts\amsfonts.sty
Package: amsfonts 2013/01/14 v3.01 Basic AMSFonts support
\symAMSa=\mathgroup4
\symAMSb=\mathgroup5
LaTeX Font Info:    Redeclaring math symbol \hbar on input line 98.
LaTeX Font Info:    Overwriting math alphabet `\mathfrak' in version `bold'
(Font)                  U/euf/m/n --> U/euf/b/n on input line 106.
) (C:\Users\lf1362\AppData\Local\Programs\MiKTeX\tex/latex/graphics\graphicx.sty
Package: graphicx 2021/09/16 v1.2d Enhanced LaTeX Graphics (DPC,SPQR)
 (C:\Users\lf1362\AppData\Local\Programs\MiKTeX\tex/latex/graphics\keyval.sty
Package: keyval 2022/05/29 v1.15 key=value parser (DPC)
\KV@toks@=\toks21
) (C:\Users\lf1362\AppData\Local\Programs\MiKTeX\tex/latex/graphics\graphics.sty
Package: graphics 2022/03/10 v1.4e Standard LaTeX Graphics (DPC,SPQR)
 (C:\Users\lf1362\AppData\Local\Programs\MiKTeX\tex/latex/graphics\trig.sty
Package: trig 2021/08/11 v1.11 sin cos tan (DPC)
) (C:\Users\lf1362\AppData\Local\Programs\MiKTeX\tex/latex/graphics-cfg\graphics.cfg
File: graphics.cfg 2016/06/04 v1.11 sample graphics configuration
)
Package graphics Info: Driver file: pdftex.def on input line 107.
 (C:\Users\lf1362\AppData\Local\Programs\MiKTeX\tex/latex/graphics-def\pdftex.def
File: pdftex.def 2022/09/22 v1.2b Graphics/color driver for pdftex
))
\Gin@req@height=\dimen150
\Gin@req@width=\dimen151
) (C:\Users\lf1362\AppData\Local\Programs\MiKTeX\tex/latex/url\url.sty
\Urlmuskip=\muskip17
Package: url 2013/09/16  ver 3.4  Verb mode for urls, etc.
) (C:\Users\lf1362\AppData\Local\Programs\MiKTeX\tex/latex/float\float.sty
Package: float 2001/11/08 v1.3d Float enhancements (AL)
\c@float@type=\count271
\float@exts=\toks22
\float@box=\box53
\@float@everytoks=\toks23
\@floatcapt=\box54
) (C:\Users\lf1362\AppData\Local\Programs\MiKTeX\tex/latex/l3backend\l3backend-pdftex.def
File: l3backend-pdftex.def 2023-03-30 L3 backend support: PDF output (pdfTeX)
\l__color_backend_stack_int=\count272
\l__pdf_internal_box=\box55
) (projektna_naloga.aux)
\openout1 = `projektna_naloga.aux'.

LaTeX Font Info:    Checking defaults for OML/cmm/m/it on input line 22.
LaTeX Font Info:    ... okay on input line 22.
LaTeX Font Info:    Checking defaults for OMS/cmsy/m/n on input line 22.
LaTeX Font Info:    ... okay on input line 22.
LaTeX Font Info:    Checking defaults for OT1/cmr/m/n on input line 22.
LaTeX Font Info:    ... okay on input line 22.
LaTeX Font Info:    Checking defaults for T1/cmr/m/n on input line 22.
LaTeX Font Info:    ... okay on input line 22.
LaTeX Font Info:    Checking defaults for TS1/cmr/m/n on input line 22.
LaTeX Font Info:    ... okay on input line 22.
LaTeX Font Info:    Checking defaults for OMX/cmex/m/n on input line 22.
LaTeX Font Info:    ... okay on input line 22.
LaTeX Font Info:    Checking defaults for U/cmr/m/n on input line 22.
LaTeX Font Info:    ... okay on input line 22.
 (C:\Users\lf1362\AppData\Local\Programs\MiKTeX\tex/context/base/mkii\supp-pdf.mkii
[Loading MPS to PDF converter (version 2006.09.02).]
\scratchcounter=\count273
\scratchdimen=\dimen152
\scratchbox=\box56
\nofMPsegments=\count274
\nofMParguments=\count275
\everyMPshowfont=\toks24
\MPscratchCnt=\count276
\MPscratchDim=\dimen153
\MPnumerator=\count277
\makeMPintoPDFobject=\count278
\everyMPtoPDFconversion=\toks25
) (C:\Users\lf1362\AppData\Local\Programs\MiKTeX\tex/latex/epstopdf-pkg\epstopdf-base.sty
Package: epstopdf-base 2020-01-24 v2.11 Base part for package epstopdf
Package epstopdf-base Info: Redefining graphics rule for `.eps' on input line 485.
 (C:\Users\lf1362\AppData\Local\Programs\MiKTeX\tex/latex/00miktex\epstopdf-sys.cfg
File: epstopdf-sys.cfg 2021/03/18 v2.0 Configuration of epstopdf for MiKTeX
))
LaTeX Font Info:    Trying to load font information for U+msa on input line 24.
 (C:\Users\lf1362\AppData\Local\Programs\MiKTeX\tex/latex/amsfonts\umsa.fd
File: umsa.fd 2013/01/14 v3.01 AMS symbols A
)
LaTeX Font Info:    Trying to load font information for U+msb on input line 24.
 (C:\Users\lf1362\AppData\Local\Programs\MiKTeX\tex/latex/amsfonts\umsb.fd
File: umsb.fd 2013/01/14 v3.01 AMS symbols B
) [1

{C:/Users/lf1362/AppData/Local/MiKTeX/fonts/map/pdftex/pdftex.map}]
Package epstopdf Info: Source file: <splosno_sekata.eps>
(epstopdf)                    date: 2023-08-23 23:05:22
(epstopdf)                    size: 21337 bytes
(epstopdf)             Output file: <splosno_sekata-eps-converted-to.pdf>
(epstopdf)                    date: 2023-08-23 23:15:19
(epstopdf)                    size: 6574 bytes
(epstopdf)             Command: <miktex-epstopdf --outfile=splosno_sekata-eps-converted-to.pdf splosno_sekata.eps>
(epstopdf)             \includegraphics on input line 76.
Package epstopdf Info: Output file is already uptodate.


pdfTeX warning: pdflatex (file ./splosno_sekata-eps-converted-to.pdf): PDF inclusion: found PDF version <1.7>, but at most version <1.5> allowed
<splosno_sekata-eps-converted-to.pdf, id=14, 421.575pt x 316.18124pt>
File: splosno_sekata-eps-converted-to.pdf Graphic file (type pdf)
<use splosno_sekata-eps-converted-to.pdf>
Package pdftex.def Info: splosno_sekata-eps-converted-to.pdf  used on input line 76.
(pdftex.def)             Requested size: 113.80746pt x 85.35826pt.
Package epstopdf Info: Source file: <kolinearne.eps>
(epstopdf)                    date: 2023-08-23 23:14:59
(epstopdf)                    size: 22360 bytes
(epstopdf)             Output file: <kolinearne-eps-converted-to.pdf>
(epstopdf)                    date: 2023-08-23 23:15:56
(epstopdf)                    size: 7196 bytes
(epstopdf)             Command: <miktex-epstopdf --outfile=kolinearne-eps-converted-to.pdf kolinearne.eps>
(epstopdf)             \includegraphics on input line 81.
Package epstopdf Info: Output file is already uptodate.


pdfTeX warning: pdflatex (file ./kolinearne-eps-converted-to.pdf): PDF inclusion: found PDF version <1.7>, but at most version <1.5> allowed
<kolinearne-eps-converted-to.pdf, id=15, 421.575pt x 316.18124pt>
File: kolinearne-eps-converted-to.pdf Graphic file (type pdf)
<use kolinearne-eps-converted-to.pdf>
Package pdftex.def Info: kolinearne-eps-converted-to.pdf  used on input line 81.
(pdftex.def)             Requested size: 113.80746pt x 85.35826pt.
[2 <./splosno_sekata-eps-converted-to.pdf> <./kolinearne-eps-converted-to.pdf>]
Package epstopdf Info: Source file: <eno_presecisce.eps>
(epstopdf)                    date: 2023-08-24 00:26:54
(epstopdf)                    size: 29073 bytes
(epstopdf)             Output file: <eno_presecisce-eps-converted-to.pdf>
(epstopdf)                    date: 2023-08-24 00:27:46
(epstopdf)                    size: 27048 bytes
(epstopdf)             Command: <miktex-epstopdf --outfile=eno_presecisce-eps-converted-to.pdf eno_presecisce.eps>
(epstopdf)             \includegraphics on input line 120.
Package epstopdf Info: Output file is already uptodate.


pdfTeX warning: pdflatex (file ./eno_presecisce-eps-converted-to.pdf): PDF inclusion: found PDF version <1.7>, but at most version <1.5> allowed
<eno_presecisce-eps-converted-to.pdf, id=29, 421.575pt x 316.18124pt>
File: eno_presecisce-eps-converted-to.pdf Graphic file (type pdf)
<use eno_presecisce-eps-converted-to.pdf>
Package pdftex.def Info: eno_presecisce-eps-converted-to.pdf  used on input line 120.
(pdftex.def)             Requested size: 227.6278pt x 170.71652pt.
Package epstopdf Info: Source file: <k_max.eps>
(epstopdf)                    date: 2023-08-24 09:31:40
(epstopdf)                    size: 32008 bytes
(epstopdf)             Output file: <k_max-eps-converted-to.pdf>
(epstopdf)                    date: 2023-08-24 09:32:47
(epstopdf)                    size: 30038 bytes
(epstopdf)             Command: <miktex-epstopdf --outfile=k_max-eps-converted-to.pdf k_max.eps>
(epstopdf)             \includegraphics on input line 129.
Package epstopdf Info: Output file is already uptodate.


pdfTeX warning: pdflatex (file ./k_max-eps-converted-to.pdf): PDF inclusion: found PDF version <1.7>, but at most version <1.5> allowed
<k_max-eps-converted-to.pdf, id=30, 421.575pt x 316.18124pt>
File: k_max-eps-converted-to.pdf Graphic file (type pdf)
<use k_max-eps-converted-to.pdf>
Package pdftex.def Info: k_max-eps-converted-to.pdf  used on input line 129.
(pdftex.def)             Requested size: 227.6278pt x 170.71652pt.
[3 <./eno_presecisce-eps-converted-to.pdf>]
Package epstopdf Info: Source file: <ni_tocke_v_test.eps>
(epstopdf)                    date: 2023-08-24 10:47:58
(epstopdf)                    size: 27477 bytes
(epstopdf)             Output file: <ni_tocke_v_test-eps-converted-to.pdf>
(epstopdf)                    date: 2023-08-24 10:50:37
(epstopdf)                    size: 25226 bytes
(epstopdf)             Command: <miktex-epstopdf --outfile=ni_tocke_v_test-eps-converted-to.pdf ni_tocke_v_test.eps>
(epstopdf)             \includegraphics on input line 140.
Package epstopdf Info: Output file is already uptodate.


pdfTeX warning: pdflatex (file ./ni_tocke_v_test-eps-converted-to.pdf): PDF inclusion: found PDF version <1.7>, but at most version <1.5> allowed
<ni_tocke_v_test-eps-converted-to.pdf, id=40, 421.575pt x 316.18124pt>
File: ni_tocke_v_test-eps-converted-to.pdf Graphic file (type pdf)
<use ni_tocke_v_test-eps-converted-to.pdf>
Package pdftex.def Info: ni_tocke_v_test-eps-converted-to.pdf  used on input line 140.
(pdftex.def)             Requested size: 227.6278pt x 170.71652pt.
Package epstopdf Info: Source file: <tocke_v_testu.eps>
(epstopdf)                    date: 2023-08-24 11:18:10
(epstopdf)                    size: 32737 bytes
(epstopdf)             Output file: <tocke_v_testu-eps-converted-to.pdf>
(epstopdf)                    date: 2023-08-24 11:18:55
(epstopdf)                    size: 29815 bytes
(epstopdf)             Command: <miktex-epstopdf --outfile=tocke_v_testu-eps-converted-to.pdf tocke_v_testu.eps>
(epstopdf)             \includegraphics on input line 148.
Package epstopdf Info: Output file is already uptodate.


pdfTeX warning: pdflatex (file ./tocke_v_testu-eps-converted-to.pdf): PDF inclusion: found PDF version <1.7>, but at most version <1.5> allowed
<tocke_v_testu-eps-converted-to.pdf, id=41, 421.575pt x 316.18124pt>
File: tocke_v_testu-eps-converted-to.pdf Graphic file (type pdf)
<use tocke_v_testu-eps-converted-to.pdf>
Package pdftex.def Info: tocke_v_testu-eps-converted-to.pdf  used on input line 148.
(pdftex.def)             Requested size: 227.6278pt x 170.71652pt.
[4 <./k_max-eps-converted-to.pdf> <./ni_tocke_v_test-eps-converted-to.pdf>]
Package epstopdf Info: Source file: <zaporednje_q.eps>
(epstopdf)                    date: 2023-08-24 09:13:30
(epstopdf)                    size: 32246 bytes
(epstopdf)             Output file: <zaporednje_q-eps-converted-to.pdf>
(epstopdf)                    date: 2023-08-24 09:17:22
(epstopdf)                    size: 30482 bytes
(epstopdf)             Command: <miktex-epstopdf --outfile=zaporednje_q-eps-converted-to.pdf zaporednje_q.eps>
(epstopdf)             \includegraphics on input line 163.
Package epstopdf Info: Output file is already uptodate.


pdfTeX warning: pdflatex (file ./zaporednje_q-eps-converted-to.pdf): PDF inclusion: found PDF version <1.7>, but at most version <1.5> allowed
<zaporednje_q-eps-converted-to.pdf, id=57, 421.575pt x 316.18124pt>
File: zaporednje_q-eps-converted-to.pdf Graphic file (type pdf)
<use zaporednje_q-eps-converted-to.pdf>
Package pdftex.def Info: zaporednje_q-eps-converted-to.pdf  used on input line 163.
(pdftex.def)             Requested size: 227.6278pt x 170.71652pt.
[5 <./tocke_v_testu-eps-converted-to.pdf> <./zaporednje_q-eps-converted-to.pdf>]
Package epstopdf Info: Source file: <del.eps>
(epstopdf)                    date: 2023-08-27 15:52:26
(epstopdf)                    size: 27506 bytes
(epstopdf)             Output file: <del-eps-converted-to.pdf>
(epstopdf)                    date: 2023-08-27 15:52:33
(epstopdf)                    size: 9847 bytes
(epstopdf)             Command: <miktex-epstopdf --outfile=del-eps-converted-to.pdf del.eps>
(epstopdf)             \includegraphics on input line 185.
Package epstopdf Info: Output file is already uptodate.


pdfTeX warning: pdflatex (file ./del-eps-converted-to.pdf): PDF inclusion: found PDF version <1.7>, but at most version <1.5> allowed
<del-eps-converted-to.pdf, id=73, 421.575pt x 316.18124pt>
File: del-eps-converted-to.pdf Graphic file (type pdf)
<use del-eps-converted-to.pdf>
Package pdftex.def Info: del-eps-converted-to.pdf  used on input line 185.
(pdftex.def)             Requested size: 227.6278pt x 170.71652pt.
Package epstopdf Info: Source file: <seka3.eps>
(epstopdf)                    date: 2023-08-27 15:50:52
(epstopdf)                    size: 29928 bytes
(epstopdf)             Output file: <seka3-eps-converted-to.pdf>
(epstopdf)                    date: 2023-08-27 15:51:19
(epstopdf)                    size: 27263 bytes
(epstopdf)             Command: <miktex-epstopdf --outfile=seka3-eps-converted-to.pdf seka3.eps>
(epstopdf)             \includegraphics on input line 196.
Package epstopdf Info: Output file is already uptodate.


pdfTeX warning: pdflatex (file ./seka3-eps-converted-to.pdf): PDF inclusion: found PDF version <1.7>, but at most version <1.5> allowed
<seka3-eps-converted-to.pdf, id=74, 421.575pt x 316.18124pt>
File: seka3-eps-converted-to.pdf Graphic file (type pdf)
<use seka3-eps-converted-to.pdf>
Package pdftex.def Info: seka3-eps-converted-to.pdf  used on input line 196.
(pdftex.def)             Requested size: 227.6278pt x 170.71652pt.
[6 <./del-eps-converted-to.pdf>]
Package epstopdf Info: Source file: <seka2.eps>
(epstopdf)                    date: 2023-08-24 15:47:19
(epstopdf)                    size: 30470 bytes
(epstopdf)             Output file: <seka2-eps-converted-to.pdf>
(epstopdf)                    date: 2023-08-24 15:47:22
(epstopdf)                    size: 28227 bytes
(epstopdf)             Command: <miktex-epstopdf --outfile=seka2-eps-converted-to.pdf seka2.eps>
(epstopdf)             \includegraphics on input line 206.
Package epstopdf Info: Output file is already uptodate.


pdfTeX warning: pdflatex (file ./seka2-eps-converted-to.pdf): PDF inclusion: found PDF version <1.7>, but at most version <1.5> allowed
<seka2-eps-converted-to.pdf, id=83, 421.575pt x 316.18124pt>
File: seka2-eps-converted-to.pdf Graphic file (type pdf)
<use seka2-eps-converted-to.pdf>
Package pdftex.def Info: seka2-eps-converted-to.pdf  used on input line 206.
(pdftex.def)             Requested size: 227.6278pt x 170.71652pt.

Overfull \hbox (64.67175pt too wide) in paragraph at lines 214--215
\OT1/cmr/m/n/10 S. Babu, \OT1/cmr/m/it/10 Ori-en-ta-tion of three or-dered points\OT1/cmr/m/n/10 , dostopno na https://iq.opengenus.org/orientation-
 []


Overfull \hbox (36.8755pt too wide) in paragraph at lines 216--217
\OT1/cmr/m/it/10 sive Guide\OT1/cmr/m/n/10 , dostopno na https://saturncloud.io/blog/implementing-the-bentleyottmann-
 []

[7 <./seka3-eps-converted-to.pdf> <./seka2-eps-converted-to.pdf>]
Overfull \hbox (178.61095pt too wide) in paragraph at lines 218--219
\OT1/cmr/m/it/10 tion or dif-fer-ence of two poly-gons\OT1/cmr/m/n/10 , dostopno na https://www.sciencedirect.com/science/article/abs/pii/0097849389900599 
 []

[8] (projektna_naloga.aux) ) 
Here is how much of TeX's memory you used:
 2377 strings out of 476331
 38733 string characters out of 5787293
 1860660 words of memory out of 5000000
 22796 multiletter control sequences out of 15000+600000
 520049 words of font info for 63 fonts, out of 8000000 for 9000
 1141 hyphenation exceptions out of 8191
 57i,9n,62p,309b,296s stack positions out of 10000i,1000n,20000p,200000b,200000s
<C:/Users/lf1362/AppData/Local/Programs/MiKTeX/fonts/type1/public/amsfonts/cm/cmbx12.pfb><C:/Users/lf1362/AppData/Local/Programs/MiKTeX/fonts/type1/public/amsfonts/cm/cmmi10.pfb><C:/Users/lf1362/AppData/Local/Programs/MiKTeX/fonts/type1/public/amsfonts/cm/cmmi7.pfb><C:/Users/lf1362/AppData/Local/Programs/MiKTeX/fonts/type1/public/amsfonts/cm/cmr10.pfb><C:/Users/lf1362/AppData/Local/Programs/MiKTeX/fonts/type1/public/amsfonts/cm/cmr12.pfb><C:/Users/lf1362/AppData/Local/Programs/MiKTeX/fonts/type1/public/amsfonts/cm/cmr17.pfb><C:/Users/lf1362/AppData/Local/Programs/MiKTeX/fonts/type1/public/amsfonts/cm/cmr7.pfb><C:/Users/lf1362/AppData/Local/Programs/MiKTeX/fonts/type1/public/amsfonts/cm/cmsy10.pfb><C:/Users/lf1362/AppData/Local/Programs/MiKTeX/fonts/type1/public/amsfonts/cm/cmsy7.pfb><C:/Users/lf1362/AppData/Local/Programs/MiKTeX/fonts/type1/public/amsfonts/cm/cmti10.pfb><C:/Users/lf1362/AppData/Local/Programs/MiKTeX/fonts/type1/public/amsfonts/cm/cmtt10.pfb>
Output written on projektna_naloga.pdf (8 pages, 355697 bytes).
PDF statistics:
 151 PDF objects out of 1000 (max. 8388607)
 0 named destinations out of 1000 (max. 500000)
 51 words of extra memory for PDF output out of 10000 (max. 10000000)

